<?xml version="1.0" encoding="UTF-8"?>
<!-- Generated by org.testng.reporters.JUnitXMLReporter -->
<testsuite hostname="Navdeep-Laptop" ignored="0" name="Default test" tests="3" failures="0" timestamp="2020-09-26T17:32:23 IST" time="0.175" errors="0">
  <testcase name="Login" time="0.038" classname="TestNG.PrioritizeDemo"/>
  <testcase name="Checkout" time="0.025" classname="TestNG.PrioritizeDemo"/>
  <testcase name="Logout" time="0.002" classname="TestNG.PrioritizeDemo"/>
</testsuite> <!-- Default test -->
