<?xml version="1.0" encoding="UTF-8"?>
<testng-results skipped="0" failed="0" ignored="0" total="2" passed="2">
  <reporter-output>
  </reporter-output>
  <suite name="Suite" duration-ms="110" started-at="2020-10-04T16:37:47 IST" finished-at="2020-10-04T16:37:47 IST">
    <groups>
    </groups>
    <test name="Test" duration-ms="110" started-at="2020-10-04T16:37:47 IST" finished-at="2020-10-04T16:37:47 IST">
      <class name="TestNG.ParallelClassTest1">
        <test-method status="PASS" signature="test1()[pri:0, instance:TestNG.ParallelClassTest1@5a8e6209]" name="test1" duration-ms="27" started-at="2020-10-04T16:37:47 IST" finished-at="2020-10-04T16:37:47 IST">
          <reporter-output>
          </reporter-output>
        </test-method> <!-- test1 -->
        <test-method status="PASS" signature="test2()[pri:0, instance:TestNG.ParallelClassTest1@5a8e6209]" name="test2" duration-ms="3" started-at="2020-10-04T16:37:47 IST" finished-at="2020-10-04T16:37:47 IST">
          <reporter-output>
          </reporter-output>
        </test-method> <!-- test2 -->
      </class> <!-- TestNG.ParallelClassTest1 -->
    </test> <!-- Test -->
  </suite> <!-- Suite -->
</testng-results>
